This file contains any messages produced by compilers while
running configure, to aid debugging if configure makes a mistake.

It was created by configure, which was
generated by GNU Autoconf 2.71.  Invocation command line was

  $ ./configure

## --------- ##
## Platform. ##
## --------- ##

hostname = MacBookAir.local
uname -m = arm64
uname -r = 21.4.0
uname -s = Darwin
uname -v = Darwin Kernel Version 21.4.0: Mon Feb 21 20:36:53 PST 2022; root:xnu-8020.101.4~2/RELEASE_ARM64_T8101

/usr/bin/uname -p = arm
/bin/uname -X     = unknown

/bin/arch              = unknown
/usr/bin/arch -k       = unknown
/usr/convex/getsysinfo = unknown
/usr/bin/hostinfo      = Mach kernel version:
	 Darwin Kernel Version 21.4.0: Mon Feb 21 20:36:53 PST 2022; root:xnu-8020.101.4~2/RELEASE_ARM64_T8101
Kernel configured for up to 8 processors.
8 processors are physically available.
8 processors are logically available.
Processor type: arm64e (ARM64E)
Processors active: 0 1 2 3 4 5 6 7
Primary memory available: 8.00 gigabytes
Default processor set: 502 tasks, 1984 threads, 8 processors
Load average: 1.93, Mach factor: 6.06
/bin/machine           = unknown
/usr/bin/oslevel       = unknown
/bin/universe          = unknown

PATH: /opt/homebrew/bin/
PATH: /usr/local/bin/
PATH: /usr/bin/
PATH: /bin/
PATH: /usr/sbin/
PATH: /sbin/
PATH: /Library/Apple/usr/bin/
PATH: /opt/homebrew/bin/


## ----------- ##
## Core tests. ##
## ----------- ##

configure:2279: looking for aux files: install-sh
configure:2292:  trying ./
configure:2292:  trying ./../
configure:2306:   ./../install.sh found
configure:2498: checking for gcc
configure:2519: found /usr/bin/gcc
configure:2530: result: gcc
configure:2883: checking for C compiler version
configure:2892: gcc --version >&5
Apple clang version 13.1.6 (clang-1316.0.21.2.5)
Target: arm64-apple-darwin21.4.0
Thread model: posix
InstalledDir: /Library/Developer/CommandLineTools/usr/bin
configure:2903: $? = 0
configure:2892: gcc -v >&5
Apple clang version 13.1.6 (clang-1316.0.21.2.5)
Target: arm64-apple-darwin21.4.0
Thread model: posix
InstalledDir: /Library/Developer/CommandLineTools/usr/bin
configure:2903: $? = 0
configure:2892: gcc -V >&5
clang: error: argument to '-V' is missing (expected 1 value)
clang: error: no input files
configure:2903: $? = 1
configure:2892: gcc -qversion >&5
clang: error: unknown argument '-qversion'; did you mean '--version'?
clang: error: no input files
configure:2903: $? = 1
configure:2892: gcc -version >&5
clang: error: unknown argument '-version'; did you mean '--version'?
clang: error: no input files
configure:2903: $? = 1
configure:2923: checking whether the C compiler works
configure:2945: gcc    conftest.c  >&5
configure:2949: $? = 0
configure:2999: result: yes
configure:3002: checking for C compiler default output file name
configure:3004: result: a.out
configure:3010: checking for suffix of executables
configure:3017: gcc -o conftest    conftest.c  >&5
configure:3021: $? = 0
configure:3044: result: 
configure:3066: checking whether we are cross compiling
configure:3074: gcc -o conftest    conftest.c  >&5
configure:3078: $? = 0
configure:3085: ./conftest
configure:3089: $? = 0
configure:3104: result: no
configure:3109: checking for suffix of object files
configure:3132: gcc -c   conftest.c >&5
configure:3136: $? = 0
configure:3158: result: o
configure:3162: checking whether the compiler supports GNU C
configure:3182: gcc -c   conftest.c >&5
configure:3182: $? = 0
configure:3192: result: yes
configure:3203: checking whether gcc accepts -g
configure:3224: gcc -c -g  conftest.c >&5
configure:3224: $? = 0
configure:3268: result: yes
configure:3288: checking for gcc option to enable C11 features
configure:3303: gcc  -c -g -O2  conftest.c >&5
configure:3303: $? = 0
configure:3321: result: none needed
configure:3447: checking for a BSD-compatible install
configure:3520: result: /usr/bin/install -c
configure:3536: checking for stdio.h
configure:3536: gcc -c -g -O2  conftest.c >&5
configure:3536: $? = 0
configure:3536: result: yes
configure:3536: checking for stdlib.h
configure:3536: gcc -c -g -O2  conftest.c >&5
configure:3536: $? = 0
configure:3536: result: yes
configure:3536: checking for string.h
configure:3536: gcc -c -g -O2  conftest.c >&5
configure:3536: $? = 0
configure:3536: result: yes
configure:3536: checking for inttypes.h
configure:3536: gcc -c -g -O2  conftest.c >&5
configure:3536: $? = 0
configure:3536: result: yes
configure:3536: checking for stdint.h
configure:3536: gcc -c -g -O2  conftest.c >&5
configure:3536: $? = 0
configure:3536: result: yes
configure:3536: checking for strings.h
configure:3536: gcc -c -g -O2  conftest.c >&5
configure:3536: $? = 0
configure:3536: result: yes
configure:3536: checking for sys/stat.h
configure:3536: gcc -c -g -O2  conftest.c >&5
configure:3536: $? = 0
configure:3536: result: yes
configure:3536: checking for sys/types.h
configure:3536: gcc -c -g -O2  conftest.c >&5
configure:3536: $? = 0
configure:3536: result: yes
configure:3536: checking for unistd.h
configure:3536: gcc -c -g -O2  conftest.c >&5
configure:3536: $? = 0
configure:3536: result: yes
configure:3561: checking whether byte ordering is bigendian
configure:3577: gcc -c -g -O2  conftest.c >&5
configure:3577: $? = 0
configure:3623: gcc -c -g -O2  conftest.c >&5
configure:3623: $? = 0
configure:3642: gcc -c -g -O2  conftest.c >&5
conftest.c:26:4: error: use of undeclared identifier 'not'
                 not big endian
                 ^
1 error generated.
configure:3642: $? = 1
configure: failed program was:
| /* confdefs.h */
| #define PACKAGE_NAME ""
| #define PACKAGE_TARNAME ""
| #define PACKAGE_VERSION ""
| #define PACKAGE_STRING ""
| #define PACKAGE_BUGREPORT ""
| #define PACKAGE_URL ""
| #define HAVE_STDIO_H 1
| #define HAVE_STDLIB_H 1
| #define HAVE_STRING_H 1
| #define HAVE_INTTYPES_H 1
| #define HAVE_STDINT_H 1
| #define HAVE_STRINGS_H 1
| #define HAVE_SYS_STAT_H 1
| #define HAVE_SYS_TYPES_H 1
| #define HAVE_UNISTD_H 1
| #define STDC_HEADERS 1
| /* end confdefs.h.  */
| #include <sys/types.h>
| 		#include <sys/param.h>
| 
| int
| main (void)
| {
| #if BYTE_ORDER != BIG_ENDIAN
| 		 not big endian
| 		#endif
| 
|   ;
|   return 0;
| }
configure:3776: result: no
configure:3836: checking CPU type
configure:3905: checking Operating System
configure:4044: checking for bsd/stdlib.h
configure:4044: clang -c -Isrc/ -I. -L/usr/local/opt/ncurses/lib -L/usr/local/opt/readline/lib -I/usr/local/opt/readline/include -I/opt/homebrew/opt/pcre/include -L/opt/homebrew/opt/pcre/lib -fPIC -DPREFIX="\"${DESTDIR}/\"" -I/usr/local/include  conftest.c >&5
clang: warning: argument unused during compilation: '-L/usr/local/opt/ncurses/lib' [-Wunused-command-line-argument]
clang: warning: argument unused during compilation: '-L/usr/local/opt/readline/lib' [-Wunused-command-line-argument]
clang: warning: argument unused during compilation: '-L/opt/homebrew/opt/pcre/lib' [-Wunused-command-line-argument]
conftest.c:49:10: fatal error: 'bsd/stdlib.h' file not found
#include <bsd/stdlib.h>
         ^~~~~~~~~~~~~~
1 error generated.
configure:4044: $? = 1
configure: failed program was:
| /* confdefs.h */
| #define PACKAGE_NAME ""
| #define PACKAGE_TARNAME ""
| #define PACKAGE_VERSION ""
| #define PACKAGE_STRING ""
| #define PACKAGE_BUGREPORT ""
| #define PACKAGE_URL ""
| #define HAVE_STDIO_H 1
| #define HAVE_STDLIB_H 1
| #define HAVE_STRING_H 1
| #define HAVE_INTTYPES_H 1
| #define HAVE_STDINT_H 1
| #define HAVE_STRINGS_H 1
| #define HAVE_SYS_STAT_H 1
| #define HAVE_SYS_TYPES_H 1
| #define HAVE_UNISTD_H 1
| #define STDC_HEADERS 1
| #define __32BIT_CPU__ 1
| #define __DARWIN__ 1
| /* end confdefs.h.  */
| #include <stddef.h>
| #ifdef HAVE_STDIO_H
| # include <stdio.h>
| #endif
| #ifdef HAVE_STDLIB_H
| # include <stdlib.h>
| #endif
| #ifdef HAVE_STRING_H
| # include <string.h>
| #endif
| #ifdef HAVE_INTTYPES_H
| # include <inttypes.h>
| #endif
| #ifdef HAVE_STDINT_H
| # include <stdint.h>
| #endif
| #ifdef HAVE_STRINGS_H
| # include <strings.h>
| #endif
| #ifdef HAVE_SYS_TYPES_H
| # include <sys/types.h>
| #endif
| #ifdef HAVE_SYS_STAT_H
| # include <sys/stat.h>
| #endif
| #ifdef HAVE_UNISTD_H
| # include <unistd.h>
| #endif
| #include <bsd/stdlib.h>
configure:4044: result: no
configure:4052: checking for math.h
configure:4052: clang -c -Isrc/ -I. -L/usr/local/opt/ncurses/lib -L/usr/local/opt/readline/lib -I/usr/local/opt/readline/include -I/opt/homebrew/opt/pcre/include -L/opt/homebrew/opt/pcre/lib -fPIC -DPREFIX="\"${DESTDIR}/\"" -I/usr/local/include  conftest.c >&5
clang: warning: argument unused during compilation: '-L/usr/local/opt/ncurses/lib' [-Wunused-command-line-argument]
clang: warning: argument unused during compilation: '-L/usr/local/opt/readline/lib' [-Wunused-command-line-argument]
clang: warning: argument unused during compilation: '-L/opt/homebrew/opt/pcre/lib' [-Wunused-command-line-argument]
configure:4052: $? = 0
configure:4052: result: yes
configure:4059: checking for main in -lm
configure:4079: clang -o conftest -Isrc/ -I. -L/usr/local/opt/ncurses/lib -L/usr/local/opt/readline/lib -I/usr/local/opt/readline/include -I/opt/homebrew/opt/pcre/include -L/opt/homebrew/opt/pcre/lib -fPIC -DPREFIX="\"${DESTDIR}/\"" -I/usr/local/include   conftest.c -lm   >&5
ld: warning: directory not found for option '-L/usr/local/opt/ncurses/lib'
ld: warning: directory not found for option '-L/usr/local/opt/readline/lib'
configure:4079: $? = 0
configure:4089: result: yes
configure:4097: checking for iconv.h
configure:4097: clang -c -Isrc/ -I. -L/usr/local/opt/ncurses/lib -L/usr/local/opt/readline/lib -I/usr/local/opt/readline/include -I/opt/homebrew/opt/pcre/include -L/opt/homebrew/opt/pcre/lib -fPIC -DPREFIX="\"${DESTDIR}/\"" -I/usr/local/include  conftest.c >&5
clang: warning: argument unused during compilation: '-L/usr/local/opt/ncurses/lib' [-Wunused-command-line-argument]
clang: warning: argument unused during compilation: '-L/usr/local/opt/readline/lib' [-Wunused-command-line-argument]
clang: warning: argument unused during compilation: '-L/opt/homebrew/opt/pcre/lib' [-Wunused-command-line-argument]
configure:4097: $? = 0
configure:4097: result: yes
configure:4105: checking for pcre.h
configure:4105: clang -c -Isrc/ -I. -L/usr/local/opt/ncurses/lib -L/usr/local/opt/readline/lib -I/usr/local/opt/readline/include -I/opt/homebrew/opt/pcre/include -L/opt/homebrew/opt/pcre/lib -fPIC -DPREFIX="\"${DESTDIR}/\"" -I/usr/local/include  conftest.c >&5
clang: warning: argument unused during compilation: '-L/usr/local/opt/ncurses/lib' [-Wunused-command-line-argument]
clang: warning: argument unused during compilation: '-L/usr/local/opt/readline/lib' [-Wunused-command-line-argument]
clang: warning: argument unused during compilation: '-L/opt/homebrew/opt/pcre/lib' [-Wunused-command-line-argument]
configure:4105: $? = 0
configure:4105: result: yes
configure:4112: checking for main in -lpcre
configure:4132: clang -o conftest -Isrc/ -I. -L/usr/local/opt/ncurses/lib -L/usr/local/opt/readline/lib -I/usr/local/opt/readline/include -I/opt/homebrew/opt/pcre/include -L/opt/homebrew/opt/pcre/lib -fPIC -DPREFIX="\"${DESTDIR}/\"" -I/usr/local/include   conftest.c -lpcre   -lm >&5
ld: warning: directory not found for option '-L/usr/local/opt/ncurses/lib'
ld: warning: directory not found for option '-L/usr/local/opt/readline/lib'
configure:4132: $? = 0
configure:4142: result: yes
configure:4203: checking for execvpe
configure:4203: comelang -o conftest -Isrc/ -I. -L/usr/local/opt/ncurses/lib -L/usr/local/opt/readline/lib -I/usr/local/opt/readline/include -I/opt/homebrew/opt/pcre/include -L/opt/homebrew/opt/pcre/lib -fPIC -DPREFIX="\"${DESTDIR}/\"" -I/usr/local/include   conftest.c  -lm -lpcre >&5
clang-14: warning: argument unused during compilation: '-L/usr/local/opt/ncurses/lib' [-Wunused-command-line-argument]
clang-14: warning: argument unused during compilation: '-L/usr/local/opt/readline/lib' [-Wunused-command-line-argument]
clang-14: warning: argument unused during compilation: '-L/opt/homebrew/opt/pcre/lib' [-Wunused-command-line-argument]
In file included from <built-in>:406:
<command line>:4:16: warning: missing terminating '"' character [-Winvalid-pp-token]
#define PREFIX "\/\"
               ^
<command line>:4:9: warning: 'PREFIX' macro redefined [-Wmacro-redefined]
#define PREFIX "\/\"
        ^
<command line>:1:9: note: previous definition is here
#define PREFIX "/"
        ^
In file included from conftest.c:31:
In file included from /opt/homebrew/Cellar/llvm/14.0.6_1/lib/clang/14.0.6/include/limits.h:21:
In file included from /Library/Developer/CommandLineTools/SDKs/MacOSX12.sdk/usr/include/limits.h:63:
/Library/Developer/CommandLineTools/SDKs/MacOSX12.sdk/usr/include/sys/cdefs.h:81:2: warning: "Unsupported compiler detected" [-W#warnings]
#warning "Unsupported compiler detected"
 ^
3 warnings generated.
clang: error: unknown argument: '-fPIC/usr/local/lib/libcomelang-gc.a'
return code is error on clang
configure:4203: $? = 2
configure: failed program was:
| /* confdefs.h */
| #define PACKAGE_NAME ""
| #define PACKAGE_TARNAME ""
| #define PACKAGE_VERSION ""
| #define PACKAGE_STRING ""
| #define PACKAGE_BUGREPORT ""
| #define PACKAGE_URL ""
| #define HAVE_STDIO_H 1
| #define HAVE_STDLIB_H 1
| #define HAVE_STRING_H 1
| #define HAVE_INTTYPES_H 1
| #define HAVE_STDINT_H 1
| #define HAVE_STRINGS_H 1
| #define HAVE_SYS_STAT_H 1
| #define HAVE_SYS_TYPES_H 1
| #define HAVE_UNISTD_H 1
| #define STDC_HEADERS 1
| #define __32BIT_CPU__ 1
| #define __DARWIN__ 1
| #define HAVE_MATH_H 1
| #define HAVE_ICONV_H 1
| #define HAVE_PCRE_H 1
| /* end confdefs.h.  */
| /* Define execvpe to an innocuous variant, in case <limits.h> declares execvpe.
|    For example, HP-UX 11i <limits.h> declares gettimeofday.  */
| #define execvpe innocuous_execvpe
| 
| /* System header to define __stub macros and hopefully few prototypes,
|    which can conflict with char execvpe (); below.  */
| 
| #include <limits.h>
| #undef execvpe
| 
| /* Override any GCC internal prototype to avoid an error.
|    Use char because int might match the return type of a GCC
|    builtin and then its argument prototype would still apply.  */
| #ifdef __cplusplus
| extern "C"
| #endif
| char execvpe ();
| /* The GNU C library defines this for functions which it implements
|     to always fail with ENOSYS.  Some functions are actually named
|     something starting with __ and the normal name is an alias.  */
| #if defined __stub_execvpe || defined __stub___execvpe
| choke me
| #endif
| 
| int
| main (void)
| {
| return execvpe ();
|   ;
|   return 0;
| }
configure:4203: result: no

## ---------------- ##
## Cache variables. ##
## ---------------- ##

ac_cv_c_bigendian=no
ac_cv_c_compiler_gnu=yes
ac_cv_env_CC_set=
ac_cv_env_CC_value=
ac_cv_env_CFLAGS_set=
ac_cv_env_CFLAGS_value=
ac_cv_env_CPPFLAGS_set=
ac_cv_env_CPPFLAGS_value=
ac_cv_env_LDFLAGS_set=
ac_cv_env_LDFLAGS_value=
ac_cv_env_LIBS_set=
ac_cv_env_LIBS_value=
ac_cv_env_build_alias_set=
ac_cv_env_build_alias_value=
ac_cv_env_host_alias_set=
ac_cv_env_host_alias_value=
ac_cv_env_target_alias_set=
ac_cv_env_target_alias_value=
ac_cv_func_execvpe=no
ac_cv_header_bsd_stdlib_h=no
ac_cv_header_iconv_h=yes
ac_cv_header_inttypes_h=yes
ac_cv_header_math_h=yes
ac_cv_header_pcre_h=yes
ac_cv_header_stdint_h=yes
ac_cv_header_stdio_h=yes
ac_cv_header_stdlib_h=yes
ac_cv_header_string_h=yes
ac_cv_header_strings_h=yes
ac_cv_header_sys_stat_h=yes
ac_cv_header_sys_types_h=yes
ac_cv_header_unistd_h=yes
ac_cv_lib_m=ac_cv_lib_m_main
ac_cv_lib_m_main=yes
ac_cv_lib_pcre=ac_cv_lib_pcre_main
ac_cv_lib_pcre_main=yes
ac_cv_objext=o
ac_cv_path_install='/usr/bin/install -c'
ac_cv_prog_ac_ct_CC=gcc
ac_cv_prog_cc_c11=
ac_cv_prog_cc_g=yes
ac_cv_prog_cc_stdc=

## ----------------- ##
## Output variables. ##
## ----------------- ##

CC='comelang'
CFLAGS='-Isrc/ -I. -L/usr/local/opt/ncurses/lib -L/usr/local/opt/readline/lib -I/usr/local/opt/readline/include -I/opt/homebrew/opt/pcre/include -L/opt/homebrew/opt/pcre/lib -fPIC -DPREFIX="\"${DESTDIR}/\"" -I/usr/local/include'
COMELIB='-lgc -lpcre -lpthread /usr/local//lib/libcomelang-gc.a -L/usr/local/opt/libgc/lib '
CPPFLAGS=''
CXX='clang++'
CXXFLAGS2=''
CXXFLAGS='-O2 -I . -I src -DPREFIX="\"${DESTDIR}/\" -L/usr/local/lib" -fPIC'
DEFS=''
DESTDIR='/usr/local'
ECHO_C='\c'
ECHO_N=''
ECHO_T=''
EXEEXT=''
INSTALL_DATA='${INSTALL} -m 644'
INSTALL_PROGRAM='${INSTALL}'
INSTALL_SCRIPT='${INSTALL}'
LDFLAGS=''
LIBOBJS=''
LIBS=' -lm -lpcre'
LTLIBOBJS=''
OBJEXT='o'
OBJS='src/main.o src/type.o src/01fun.o src/02int.o src/03var.o src/04if.o'
OS='DARWIN'
PACKAGE_BUGREPORT=''
PACKAGE_NAME=''
PACKAGE_STRING=''
PACKAGE_TARNAME=''
PACKAGE_URL=''
PACKAGE_VERSION=''
PATH_SEPARATOR=':'
SHELL='/bin/sh'
ac_ct_CC='gcc'
bindir='${exec_prefix}/bin'
build_alias=''
datadir='${datarootdir}'
datarootdir='${prefix}/share'
docdir='${datarootdir}/doc/${PACKAGE}'
dvidir='${docdir}'
exec_prefix='NONE'
host_alias=''
htmldir='${docdir}'
includedir='${prefix}/include'
infodir='${datarootdir}/info'
libdir='${exec_prefix}/lib'
libexecdir='${exec_prefix}/libexec'
localedir='${datarootdir}/locale'
localstatedir='${prefix}/var'
mandir='${datarootdir}/man'
oldincludedir='/usr/include'
pdfdir='${docdir}'
prefix='NONE'
program_transform_name='s,x,x,'
psdir='${docdir}'
runstatedir='${localstatedir}/run'
sbindir='${exec_prefix}/sbin'
sharedstatedir='${prefix}/com'
sysconfdir='${prefix}/etc'
target_alias=''

## ----------- ##
## confdefs.h. ##
## ----------- ##

/* confdefs.h */
#define PACKAGE_NAME ""
#define PACKAGE_TARNAME ""
#define PACKAGE_VERSION ""
#define PACKAGE_STRING ""
#define PACKAGE_BUGREPORT ""
#define PACKAGE_URL ""
#define HAVE_STDIO_H 1
#define HAVE_STDLIB_H 1
#define HAVE_STRING_H 1
#define HAVE_INTTYPES_H 1
#define HAVE_STDINT_H 1
#define HAVE_STRINGS_H 1
#define HAVE_SYS_STAT_H 1
#define HAVE_SYS_TYPES_H 1
#define HAVE_UNISTD_H 1
#define STDC_HEADERS 1
#define __32BIT_CPU__ 1
#define __DARWIN__ 1
#define HAVE_MATH_H 1
#define HAVE_ICONV_H 1
#define HAVE_PCRE_H 1

configure: exit 1
