This file contains any messages produced by compilers while
running configure, to aid debugging if configure makes a mistake.

It was created by configure, which was
generated by GNU Autoconf 2.69.  Invocation command line was

  $ ./configure --with-no-gc

## --------- ##
## Platform. ##
## --------- ##

hostname = MacBookAir.local
uname -m = arm64
uname -r = 21.4.0
uname -s = Darwin
uname -v = Darwin Kernel Version 21.4.0: Mon Feb 21 20:36:53 PST 2022; root:xnu-8020.101.4~2/RELEASE_ARM64_T8101

/usr/bin/uname -p = arm
/bin/uname -X     = unknown

/bin/arch              = unknown
/usr/bin/arch -k       = unknown
/usr/convex/getsysinfo = unknown
/usr/bin/hostinfo      = Mach kernel version:
	 Darwin Kernel Version 21.4.0: Mon Feb 21 20:36:53 PST 2022; root:xnu-8020.101.4~2/RELEASE_ARM64_T8101
Kernel configured for up to 8 processors.
8 processors are physically available.
8 processors are logically available.
Processor type: arm64e (ARM64E)
Processors active: 0 1 2 3 4 5 6 7
Primary memory available: 8.00 gigabytes
Default processor set: 444 tasks, 1754 threads, 8 processors
Load average: 1.31, Mach factor: 6.68
/bin/machine           = unknown
/usr/bin/oslevel       = unknown
/bin/universe          = unknown

PATH: /opt/homebrew/bin/
PATH: /usr/local/bin
PATH: /usr/bin
PATH: /bin
PATH: /usr/sbin
PATH: /sbin
PATH: /Library/Apple/usr/bin
PATH: /opt/homebrew/bin/


## ----------- ##
## Core tests. ##
## ----------- ##

configure:2158: checking for gcc
configure:2174: found /usr/bin/gcc
configure:2185: result: gcc
configure:2414: checking for C compiler version
configure:2423: gcc --version >&5
Apple clang version 13.1.6 (clang-1316.0.21.2.5)
Target: arm64-apple-darwin21.4.0
Thread model: posix
InstalledDir: /Library/Developer/CommandLineTools/usr/bin
configure:2434: $? = 0
configure:2423: gcc -v >&5
Apple clang version 13.1.6 (clang-1316.0.21.2.5)
Target: arm64-apple-darwin21.4.0
Thread model: posix
InstalledDir: /Library/Developer/CommandLineTools/usr/bin
configure:2434: $? = 0
configure:2423: gcc -V >&5
clang: error: argument to '-V' is missing (expected 1 value)
clang: error: no input files
configure:2434: $? = 1
configure:2423: gcc -qversion >&5
clang: error: unknown argument '-qversion'; did you mean '--version'?
clang: error: no input files
configure:2434: $? = 1
configure:2454: checking whether the C compiler works
configure:2476: gcc    conftest.c  >&5
configure:2480: $? = 0
configure:2528: result: yes
configure:2531: checking for C compiler default output file name
configure:2533: result: a.out
configure:2539: checking for suffix of executables
configure:2546: gcc -o conftest    conftest.c  >&5
configure:2550: $? = 0
configure:2572: result: 
configure:2594: checking whether we are cross compiling
configure:2602: gcc -o conftest    conftest.c  >&5
configure:2606: $? = 0
configure:2613: ./conftest
configure:2617: $? = 0
configure:2632: result: no
configure:2637: checking for suffix of object files
configure:2659: gcc -c   conftest.c >&5
configure:2663: $? = 0
configure:2684: result: o
configure:2688: checking whether we are using the GNU C compiler
configure:2707: gcc -c   conftest.c >&5
configure:2707: $? = 0
configure:2716: result: yes
configure:2725: checking whether gcc accepts -g
configure:2745: gcc -c -g  conftest.c >&5
configure:2745: $? = 0
configure:2786: result: yes
configure:2803: checking for gcc option to accept ISO C89
configure:2866: gcc  -c -g -O2  conftest.c >&5
configure:2866: $? = 0
configure:2879: result: none needed
configure:2942: checking for a BSD-compatible install
configure:3010: result: /usr/bin/install -c
configure:3027: checking how to run the C preprocessor
configure:3058: gcc -E  conftest.c
configure:3058: $? = 0
configure:3072: gcc -E  conftest.c
conftest.c:9:10: fatal error: 'ac_nonexistent.h' file not found
#include <ac_nonexistent.h>
         ^~~~~~~~~~~~~~~~~~
1 error generated.
configure:3072: $? = 1
configure: failed program was:
| /* confdefs.h */
| #define PACKAGE_NAME ""
| #define PACKAGE_TARNAME ""
| #define PACKAGE_VERSION ""
| #define PACKAGE_STRING ""
| #define PACKAGE_BUGREPORT ""
| #define PACKAGE_URL ""
| /* end confdefs.h.  */
| #include <ac_nonexistent.h>
configure:3097: result: gcc -E
configure:3117: gcc -E  conftest.c
configure:3117: $? = 0
configure:3131: gcc -E  conftest.c
conftest.c:9:10: fatal error: 'ac_nonexistent.h' file not found
#include <ac_nonexistent.h>
         ^~~~~~~~~~~~~~~~~~
1 error generated.
configure:3131: $? = 1
configure: failed program was:
| /* confdefs.h */
| #define PACKAGE_NAME ""
| #define PACKAGE_TARNAME ""
| #define PACKAGE_VERSION ""
| #define PACKAGE_STRING ""
| #define PACKAGE_BUGREPORT ""
| #define PACKAGE_URL ""
| /* end confdefs.h.  */
| #include <ac_nonexistent.h>
configure:3160: checking for grep that handles long lines and -e
configure:3218: result: /usr/bin/grep
configure:3223: checking for egrep
configure:3285: result: /usr/bin/grep -E
configure:3290: checking for ANSI C header files
configure:3310: gcc -c -g -O2  conftest.c >&5
configure:3310: $? = 0
configure:3383: gcc -o conftest -g -O2   conftest.c  >&5
configure:3383: $? = 0
configure:3383: ./conftest
configure:3383: $? = 0
configure:3394: result: yes
configure:3407: checking for sys/types.h
configure:3407: gcc -c -g -O2  conftest.c >&5
configure:3407: $? = 0
configure:3407: result: yes
configure:3407: checking for sys/stat.h
configure:3407: gcc -c -g -O2  conftest.c >&5
configure:3407: $? = 0
configure:3407: result: yes
configure:3407: checking for stdlib.h
configure:3407: gcc -c -g -O2  conftest.c >&5
configure:3407: $? = 0
configure:3407: result: yes
configure:3407: checking for string.h
configure:3407: gcc -c -g -O2  conftest.c >&5
configure:3407: $? = 0
configure:3407: result: yes
configure:3407: checking for memory.h
configure:3407: gcc -c -g -O2  conftest.c >&5
configure:3407: $? = 0
configure:3407: result: yes
configure:3407: checking for strings.h
configure:3407: gcc -c -g -O2  conftest.c >&5
configure:3407: $? = 0
configure:3407: result: yes
configure:3407: checking for inttypes.h
configure:3407: gcc -c -g -O2  conftest.c >&5
configure:3407: $? = 0
configure:3407: result: yes
configure:3407: checking for stdint.h
configure:3407: gcc -c -g -O2  conftest.c >&5
configure:3407: $? = 0
configure:3407: result: yes
configure:3407: checking for unistd.h
configure:3407: gcc -c -g -O2  conftest.c >&5
configure:3407: $? = 0
configure:3407: result: yes
configure:3419: checking whether byte ordering is bigendian
configure:3434: gcc -c -g -O2  conftest.c >&5
configure:3434: $? = 0
configure:3479: gcc -c -g -O2  conftest.c >&5
configure:3479: $? = 0
configure:3497: gcc -c -g -O2  conftest.c >&5
conftest.c:26:4: error: use of undeclared identifier 'not'
                 not big endian
                 ^
1 error generated.
configure:3497: $? = 1
configure: failed program was:
| /* confdefs.h */
| #define PACKAGE_NAME ""
| #define PACKAGE_TARNAME ""
| #define PACKAGE_VERSION ""
| #define PACKAGE_STRING ""
| #define PACKAGE_BUGREPORT ""
| #define PACKAGE_URL ""
| #define STDC_HEADERS 1
| #define HAVE_SYS_TYPES_H 1
| #define HAVE_SYS_STAT_H 1
| #define HAVE_STDLIB_H 1
| #define HAVE_STRING_H 1
| #define HAVE_MEMORY_H 1
| #define HAVE_STRINGS_H 1
| #define HAVE_INTTYPES_H 1
| #define HAVE_STDINT_H 1
| #define HAVE_UNISTD_H 1
| /* end confdefs.h.  */
| #include <sys/types.h>
| 		#include <sys/param.h>
| 
| int
| main ()
| {
| #if BYTE_ORDER != BIG_ENDIAN
| 		 not big endian
| 		#endif
| 
|   ;
|   return 0;
| }
configure:3625: result: no
configure:3682: checking CPU type
configure:3759: checking Operating System
configure:3800: checking for main in -ldl
configure:3819: clang -o conftest -I.   conftest.c -ldl   >&5
configure:3819: $? = 0
configure:3828: result: yes
configure:3839: checking math.h usability
configure:3839: clang -c -I.  conftest.c >&5
configure:3839: $? = 0
configure:3839: result: yes
configure:3839: checking math.h presence
configure:3839: gcc -E  conftest.c
configure:3839: $? = 0
configure:3839: result: yes
configure:3839: checking for math.h
configure:3839: result: yes
configure:3846: checking for main in -lm
configure:3865: clang -o conftest -I.   conftest.c -lm   -ldl >&5
configure:3865: $? = 0
configure:3874: result: yes
configure:3881: checking iconv.h usability
configure:3881: clang -c -I.  conftest.c >&5
configure:3881: $? = 0
configure:3881: result: yes
configure:3881: checking iconv.h presence
configure:3881: gcc -E  conftest.c
configure:3881: $? = 0
configure:3881: result: yes
configure:3881: checking for iconv.h
configure:3881: result: yes
configure:3889: checking pcre.h usability
configure:3889: clang -c -I.  conftest.c >&5
conftest.c:55:10: fatal error: 'pcre.h' file not found
#include <pcre.h>
         ^~~~~~~~
1 error generated.
configure:3889: $? = 1
configure: failed program was:
| /* confdefs.h */
| #define PACKAGE_NAME ""
| #define PACKAGE_TARNAME ""
| #define PACKAGE_VERSION ""
| #define PACKAGE_STRING ""
| #define PACKAGE_BUGREPORT ""
| #define PACKAGE_URL ""
| #define STDC_HEADERS 1
| #define HAVE_SYS_TYPES_H 1
| #define HAVE_SYS_STAT_H 1
| #define HAVE_STDLIB_H 1
| #define HAVE_STRING_H 1
| #define HAVE_MEMORY_H 1
| #define HAVE_STRINGS_H 1
| #define HAVE_INTTYPES_H 1
| #define HAVE_STDINT_H 1
| #define HAVE_UNISTD_H 1
| #define __64BIT_CPU__ 1
| #define HAVE_MATH_H 1
| #define HAVE_ICONV_H 1
| /* end confdefs.h.  */
| #include <stdio.h>
| #ifdef HAVE_SYS_TYPES_H
| # include <sys/types.h>
| #endif
| #ifdef HAVE_SYS_STAT_H
| # include <sys/stat.h>
| #endif
| #ifdef STDC_HEADERS
| # include <stdlib.h>
| # include <stddef.h>
| #else
| # ifdef HAVE_STDLIB_H
| #  include <stdlib.h>
| # endif
| #endif
| #ifdef HAVE_STRING_H
| # if !defined STDC_HEADERS && defined HAVE_MEMORY_H
| #  include <memory.h>
| # endif
| # include <string.h>
| #endif
| #ifdef HAVE_STRINGS_H
| # include <strings.h>
| #endif
| #ifdef HAVE_INTTYPES_H
| # include <inttypes.h>
| #endif
| #ifdef HAVE_STDINT_H
| # include <stdint.h>
| #endif
| #ifdef HAVE_UNISTD_H
| # include <unistd.h>
| #endif
| #include <pcre.h>
configure:3889: result: no
configure:3889: checking pcre.h presence
configure:3889: gcc -E  conftest.c
conftest.c:22:10: fatal error: 'pcre.h' file not found
#include <pcre.h>
         ^~~~~~~~
1 error generated.
configure:3889: $? = 1
configure: failed program was:
| /* confdefs.h */
| #define PACKAGE_NAME ""
| #define PACKAGE_TARNAME ""
| #define PACKAGE_VERSION ""
| #define PACKAGE_STRING ""
| #define PACKAGE_BUGREPORT ""
| #define PACKAGE_URL ""
| #define STDC_HEADERS 1
| #define HAVE_SYS_TYPES_H 1
| #define HAVE_SYS_STAT_H 1
| #define HAVE_STDLIB_H 1
| #define HAVE_STRING_H 1
| #define HAVE_MEMORY_H 1
| #define HAVE_STRINGS_H 1
| #define HAVE_INTTYPES_H 1
| #define HAVE_STDINT_H 1
| #define HAVE_UNISTD_H 1
| #define __64BIT_CPU__ 1
| #define HAVE_MATH_H 1
| #define HAVE_ICONV_H 1
| /* end confdefs.h.  */
| #include <pcre.h>
configure:3889: result: no
configure:3889: checking for pcre.h
configure:3889: result: no
configure:3896: checking for main in -lpcre
configure:3915: clang -o conftest -I.   conftest.c -lpcre   -ldl -lm >&5
configure:3915: $? = 0
configure:3924: result: yes
configure:3934: checking for main in -lgc
configure:3953: clang -o conftest -I.   conftest.c -lgc   -ldl -lm -lpcre >&5
ld: library not found for -lgc
clang: error: linker command failed with exit code 1 (use -v to see invocation)
configure:3953: $? = 1
configure: failed program was:
| /* confdefs.h */
| #define PACKAGE_NAME ""
| #define PACKAGE_TARNAME ""
| #define PACKAGE_VERSION ""
| #define PACKAGE_STRING ""
| #define PACKAGE_BUGREPORT ""
| #define PACKAGE_URL ""
| #define STDC_HEADERS 1
| #define HAVE_SYS_TYPES_H 1
| #define HAVE_SYS_STAT_H 1
| #define HAVE_STDLIB_H 1
| #define HAVE_STRING_H 1
| #define HAVE_MEMORY_H 1
| #define HAVE_STRINGS_H 1
| #define HAVE_INTTYPES_H 1
| #define HAVE_STDINT_H 1
| #define HAVE_UNISTD_H 1
| #define __64BIT_CPU__ 1
| #define HAVE_MATH_H 1
| #define HAVE_ICONV_H 1
| /* end confdefs.h.  */
| 
| 
| int
| main ()
| {
| return main ();
|   ;
|   return 0;
| }
configure:3962: result: no
configure:3971: checking ncurses.h usability
configure:3971: clang -c -I.  conftest.c >&5
configure:3971: $? = 0
configure:3971: result: yes
configure:3971: checking ncurses.h presence
configure:3971: gcc -E  conftest.c
configure:3971: $? = 0
configure:3971: result: yes
configure:3971: checking for ncurses.h
configure:3971: result: yes
configure:3978: checking for main in -lncurses
configure:3997: clang -o conftest -I.   conftest.c -lncurses   -ldl -lm -lpcre >&5
configure:3997: $? = 0
configure:4006: result: yes
configure:4057: checking readline/readline.h usability
configure:4057: clang -c -I.  conftest.c >&5
configure:4057: $? = 0
configure:4057: result: yes
configure:4057: checking readline/readline.h presence
configure:4057: gcc -E  conftest.c
configure:4057: $? = 0
configure:4057: result: yes
configure:4057: checking for readline/readline.h
configure:4057: result: yes
configure:4064: checking for main in -lreadline
configure:4083: clang -o conftest -I.   conftest.c -lreadline   -ldl -lm -lpcre -lncurses >&5
configure:4083: $? = 0
configure:4092: result: yes
configure:4100: checking for main in -lrt
configure:4119: clang -o conftest -I.   conftest.c -lrt   -ldl -lm -lpcre -lncurses -lreadline >&5
ld: library not found for -lrt
clang: error: linker command failed with exit code 1 (use -v to see invocation)
configure:4119: $? = 1
configure: failed program was:
| /* confdefs.h */
| #define PACKAGE_NAME ""
| #define PACKAGE_TARNAME ""
| #define PACKAGE_VERSION ""
| #define PACKAGE_STRING ""
| #define PACKAGE_BUGREPORT ""
| #define PACKAGE_URL ""
| #define STDC_HEADERS 1
| #define HAVE_SYS_TYPES_H 1
| #define HAVE_SYS_STAT_H 1
| #define HAVE_STDLIB_H 1
| #define HAVE_STRING_H 1
| #define HAVE_MEMORY_H 1
| #define HAVE_STRINGS_H 1
| #define HAVE_INTTYPES_H 1
| #define HAVE_STDINT_H 1
| #define HAVE_UNISTD_H 1
| #define __64BIT_CPU__ 1
| #define HAVE_MATH_H 1
| #define HAVE_ICONV_H 1
| #define HAVE_NCURSESW_H 1
| #define HAVE_READLINE_H 1
| /* end confdefs.h.  */
| 
| 
| int
| main ()
| {
| return main ();
|   ;
|   return 0;
| }
configure:4128: result: no
configure:4136: checking pthread.h usability
configure:4136: clang -c -I.  conftest.c >&5
configure:4136: $? = 0
configure:4136: result: yes
configure:4136: checking pthread.h presence
configure:4136: gcc -E  conftest.c
configure:4136: $? = 0
configure:4136: result: yes
configure:4136: checking for pthread.h
configure:4136: result: yes
configure:4143: checking for main in -lpthread
configure:4162: clang -o conftest -I.   conftest.c -lpthread   -ldl -lm -lpcre -lncurses -lreadline >&5
configure:4162: $? = 0
configure:4171: result: yes
configure:4192: checking for lchmod
configure:4192: clang -o conftest -I.   conftest.c  -ldl -lm -lpcre -lncurses -lreadline -lpthread >&5
configure:4192: $? = 0
configure:4192: result: yes
configure:4203: checking for execvpe
configure:4203: clang -o conftest -I.   conftest.c  -ldl -lm -lpcre -lncurses -lreadline -lpthread >&5
Undefined symbols for architecture arm64:
  "_execvpe", referenced from:
      _main in conftest-5436e6.o
ld: symbol(s) not found for architecture arm64
clang: error: linker command failed with exit code 1 (use -v to see invocation)
configure:4203: $? = 1
configure: failed program was:
| /* confdefs.h */
| #define PACKAGE_NAME ""
| #define PACKAGE_TARNAME ""
| #define PACKAGE_VERSION ""
| #define PACKAGE_STRING ""
| #define PACKAGE_BUGREPORT ""
| #define PACKAGE_URL ""
| #define STDC_HEADERS 1
| #define HAVE_SYS_TYPES_H 1
| #define HAVE_SYS_STAT_H 1
| #define HAVE_STDLIB_H 1
| #define HAVE_STRING_H 1
| #define HAVE_MEMORY_H 1
| #define HAVE_STRINGS_H 1
| #define HAVE_INTTYPES_H 1
| #define HAVE_STDINT_H 1
| #define HAVE_UNISTD_H 1
| #define __64BIT_CPU__ 1
| #define HAVE_MATH_H 1
| #define HAVE_ICONV_H 1
| #define HAVE_NCURSESW_H 1
| #define HAVE_READLINE_H 1
| #define HAVE_PTHREAD_H 1
| #define HAVE_LCHMOD 1
| /* end confdefs.h.  */
| /* Define execvpe to an innocuous variant, in case <limits.h> declares execvpe.
|    For example, HP-UX 11i <limits.h> declares gettimeofday.  */
| #define execvpe innocuous_execvpe
| 
| /* System header to define __stub macros and hopefully few prototypes,
|     which can conflict with char execvpe (); below.
|     Prefer <limits.h> to <assert.h> if __STDC__ is defined, since
|     <limits.h> exists even on freestanding compilers.  */
| 
| #ifdef __STDC__
| # include <limits.h>
| #else
| # include <assert.h>
| #endif
| 
| #undef execvpe
| 
| /* Override any GCC internal prototype to avoid an error.
|    Use char because int might match the return type of a GCC
|    builtin and then its argument prototype would still apply.  */
| #ifdef __cplusplus
| extern "C"
| #endif
| char execvpe ();
| /* The GNU C library defines this for functions which it implements
|     to always fail with ENOSYS.  Some functions are actually named
|     something starting with __ and the normal name is an alias.  */
| #if defined __stub_execvpe || defined __stub___execvpe
| choke me
| #endif
| 
| int
| main ()
| {
| return execvpe ();
|   ;
|   return 0;
| }
configure:4203: result: no
configure:4332: creating ./config.status

## ---------------------- ##
## Running config.status. ##
## ---------------------- ##

This file was extended by config.status, which was
generated by GNU Autoconf 2.69.  Invocation command line was

  CONFIG_FILES    = 
  CONFIG_HEADERS  = 
  CONFIG_LINKS    = 
  CONFIG_COMMANDS = 
  $ ./config.status 

on MacBookAir.local

config.status:813: creating Makefile
config.status:813: creating config.h
config.status:988: config.h is unchanged

## ---------------- ##
## Cache variables. ##
## ---------------- ##

ac_cv_c_bigendian=no
ac_cv_c_compiler_gnu=yes
ac_cv_env_CC_set=
ac_cv_env_CC_value=
ac_cv_env_CFLAGS_set=
ac_cv_env_CFLAGS_value=
ac_cv_env_CPPFLAGS_set=
ac_cv_env_CPPFLAGS_value=
ac_cv_env_CPP_set=
ac_cv_env_CPP_value=
ac_cv_env_LDFLAGS_set=
ac_cv_env_LDFLAGS_value=
ac_cv_env_LIBS_set=
ac_cv_env_LIBS_value=
ac_cv_env_build_alias_set=
ac_cv_env_build_alias_value=
ac_cv_env_host_alias_set=
ac_cv_env_host_alias_value=
ac_cv_env_target_alias_set=
ac_cv_env_target_alias_value=
ac_cv_func_execvpe=no
ac_cv_func_lchmod=yes
ac_cv_header_iconv_h=yes
ac_cv_header_inttypes_h=yes
ac_cv_header_math_h=yes
ac_cv_header_memory_h=yes
ac_cv_header_ncurses_h=yes
ac_cv_header_pcre_h=no
ac_cv_header_pthread_h=yes
ac_cv_header_readline_readline_h=yes
ac_cv_header_stdc=yes
ac_cv_header_stdint_h=yes
ac_cv_header_stdlib_h=yes
ac_cv_header_string_h=yes
ac_cv_header_strings_h=yes
ac_cv_header_sys_stat_h=yes
ac_cv_header_sys_types_h=yes
ac_cv_header_unistd_h=yes
ac_cv_lib_dl=ac_cv_lib_dl_main
ac_cv_lib_dl_main=yes
ac_cv_lib_gc=ac_cv_lib_gc_main
ac_cv_lib_gc_main=no
ac_cv_lib_m=ac_cv_lib_m_main
ac_cv_lib_m_main=yes
ac_cv_lib_ncurses=ac_cv_lib_ncurses_main
ac_cv_lib_ncurses_main=yes
ac_cv_lib_pcre=ac_cv_lib_pcre_main
ac_cv_lib_pcre_main=yes
ac_cv_lib_pthread=ac_cv_lib_pthread_main
ac_cv_lib_pthread_main=yes
ac_cv_lib_readline=ac_cv_lib_readline_main
ac_cv_lib_readline_main=yes
ac_cv_lib_rt=ac_cv_lib_rt_main
ac_cv_lib_rt_main=no
ac_cv_objext=o
ac_cv_path_EGREP='/usr/bin/grep -E'
ac_cv_path_GREP=/usr/bin/grep
ac_cv_path_install='/usr/bin/install -c'
ac_cv_prog_CPP='gcc -E'
ac_cv_prog_ac_ct_CC=gcc
ac_cv_prog_cc_c89=
ac_cv_prog_cc_g=yes

## ----------------- ##
## Output variables. ##
## ----------------- ##

CC='clang'
CFLAGS='-I.'
CPP='gcc -E'
CPPFLAGS=''
DEFS='-DHAVE_CONFIG_H'
DESTDIR='/usr/local'
ECHO_C='\c'
ECHO_N=''
ECHO_T=''
EGREP='/usr/bin/grep -E'
EXEEXT=''
GREP='/usr/bin/grep'
INSTALL_DATA='${INSTALL} -m 644'
INSTALL_PROGRAM='${INSTALL}'
INSTALL_SCRIPT='${INSTALL}'
LDFLAGS=''
LIBOBJS=''
LIBS=' -ldl -lm -lpcre -lncurses -lreadline -lpthread'
LTLIBOBJS=''
NCC=''
NCFLAGS=' -no-gc'
OBJEXT='o'
OS=''
PACKAGE_BUGREPORT=''
PACKAGE_NAME=''
PACKAGE_STRING=''
PACKAGE_TARNAME=''
PACKAGE_URL=''
PACKAGE_VERSION=''
PATH_SEPARATOR=':'
SHELL='/bin/sh'
ac_ct_CC='gcc'
bindir='${exec_prefix}/bin'
build_alias=''
datadir='${datarootdir}'
datarootdir='${prefix}/share'
docdir='${datarootdir}/doc/${PACKAGE}'
dvidir='${docdir}'
exec_prefix='${prefix}'
host_alias=''
htmldir='${docdir}'
includedir='${prefix}/include'
infodir='${datarootdir}/info'
libdir='${exec_prefix}/lib'
libexecdir='${exec_prefix}/libexec'
localedir='${datarootdir}/locale'
localstatedir='${prefix}/var'
mandir='${datarootdir}/man'
oldincludedir='/usr/include'
pdfdir='${docdir}'
prefix='/usr/local'
program_transform_name='s,x,x,'
psdir='${docdir}'
runstatedir='${localstatedir}/run'
sbindir='${exec_prefix}/sbin'
sharedstatedir='${prefix}/com'
sysconfdir='${prefix}/etc'
target_alias=''

## ----------- ##
## confdefs.h. ##
## ----------- ##

/* confdefs.h */
#define PACKAGE_NAME ""
#define PACKAGE_TARNAME ""
#define PACKAGE_VERSION ""
#define PACKAGE_STRING ""
#define PACKAGE_BUGREPORT ""
#define PACKAGE_URL ""
#define STDC_HEADERS 1
#define HAVE_SYS_TYPES_H 1
#define HAVE_SYS_STAT_H 1
#define HAVE_STDLIB_H 1
#define HAVE_STRING_H 1
#define HAVE_MEMORY_H 1
#define HAVE_STRINGS_H 1
#define HAVE_INTTYPES_H 1
#define HAVE_STDINT_H 1
#define HAVE_UNISTD_H 1
#define __64BIT_CPU__ 1
#define HAVE_MATH_H 1
#define HAVE_ICONV_H 1
#define HAVE_NCURSESW_H 1
#define HAVE_READLINE_H 1
#define HAVE_PTHREAD_H 1
#define HAVE_LCHMOD 1

configure: exit 0
